

***********************************************************************
Fatal NI connect error 12547, connecting to:
 (DESCRIPTION=(CONNECT_DATA=(SERVICE_NAME=XE)(CID=(PROGRAM=C:\Rails\Ruby192\bin\ruby.exe)(HOST=WBCAE-C5B3-387D)(USER=spc2vbr)))(ADDRESS=(PROTOCOL=TCP)(HOST=10.19.253.22)(PORT=1521)))

  VERSION INFORMATION:
	TNS for 32-bit Windows: Version 10.2.0.1.0 - Production
	Windows NT TCP/IP NT Protocol Adapter for 32-bit Windows: Version 10.2.0.1.0 - Production
  Time: 17-НОЯ-2011 16:25:36
  Tracing not turned on.
  Tns error struct:
    ns main err code: 12547
    TNS-12547: TNS:контакт потерян
    ns secondary err code: 12560
    nt main err code: 517
    TNS-00517: Контакт потерян
    nt secondary err code: 54
    nt OS err code: 0


***********************************************************************
Fatal NI connect error 12170.

  VERSION INFORMATION:
	TNS for 32-bit Windows: Version 10.2.0.1.0 - Production
	Windows NT TCP/IP NT Protocol Adapter for 32-bit Windows: Version 10.2.0.1.0 - Production
  Time: 17-НОЯ-2011 16:26:30
  Tracing not turned on.
  Tns error struct:
    ns main err code: 12535
    TNS-12535: TNS:таймаут операции
    ns secondary err code: 12560
    nt main err code: 505
    TNS-00505: Таймаут операции
    nt secondary err code: 60
    nt OS err code: 0
  Client address: <unknown>


***********************************************************************
Fatal NI connect error 12170.

  VERSION INFORMATION:
	TNS for 32-bit Windows: Version 10.2.0.1.0 - Production
	Windows NT TCP/IP NT Protocol Adapter for 32-bit Windows: Version 10.2.0.1.0 - Production
  Time: 17-НОЯ-2011 16:29:40
  Tracing not turned on.
  Tns error struct:
    ns main err code: 12535
    TNS-12535: TNS:таймаут операции
    ns secondary err code: 12560
    nt main err code: 505
    TNS-00505: Таймаут операции
    nt secondary err code: 60
    nt OS err code: 0
  Client address: <unknown>


***********************************************************************
Fatal NI connect error 12170.

  VERSION INFORMATION:
	TNS for 32-bit Windows: Version 10.2.0.1.0 - Production
	Windows NT TCP/IP NT Protocol Adapter for 32-bit Windows: Version 10.2.0.1.0 - Production
  Time: 17-НОЯ-2011 16:30:20
  Tracing not turned on.
  Tns error struct:
    ns main err code: 12535
    TNS-12535: TNS:таймаут операции
    ns secondary err code: 12560
    nt main err code: 505
    TNS-00505: Таймаут операции
    nt secondary err code: 60
    nt OS err code: 0
  Client address: <unknown>


***********************************************************************
Fatal NI connect error 12170.

  VERSION INFORMATION:
	TNS for 32-bit Windows: Version 10.2.0.1.0 - Production
	Windows NT TCP/IP NT Protocol Adapter for 32-bit Windows: Version 10.2.0.1.0 - Production
  Time: 17-НОЯ-2011 16:34:38
  Tracing not turned on.
  Tns error struct:
    ns main err code: 12535
    TNS-12535: TNS:таймаут операции
    ns secondary err code: 12560
    nt main err code: 505
    TNS-00505: Таймаут операции
    nt secondary err code: 60
    nt OS err code: 0
  Client address: <unknown>


***********************************************************************
Fatal NI connect error 12170.

  VERSION INFORMATION:
	TNS for 32-bit Windows: Version 10.2.0.1.0 - Production
	Windows NT TCP/IP NT Protocol Adapter for 32-bit Windows: Version 10.2.0.1.0 - Production
  Time: 17-НОЯ-2011 16:35:34
  Tracing not turned on.
  Tns error struct:
    ns main err code: 12535
    TNS-12535: TNS:таймаут операции
    ns secondary err code: 12560
    nt main err code: 505
    TNS-00505: Таймаут операции
    nt secondary err code: 60
    nt OS err code: 0
  Client address: <unknown>


***********************************************************************
Fatal NI connect error 12170.

  VERSION INFORMATION:
	TNS for 32-bit Windows: Version 10.2.0.1.0 - Production
	Windows NT TCP/IP NT Protocol Adapter for 32-bit Windows: Version 10.2.0.1.0 - Production
  Time: 17-НОЯ-2011 16:44:47
  Tracing not turned on.
  Tns error struct:
    ns main err code: 12535
    TNS-12535: TNS:таймаут операции
    ns secondary err code: 12560
    nt main err code: 505
    TNS-00505: Таймаут операции
    nt secondary err code: 60
    nt OS err code: 0
  Client address: <unknown>


***********************************************************************
Fatal NI connect error 12170.

  VERSION INFORMATION:
	TNS for 32-bit Windows: Version 10.2.0.1.0 - Production
	Windows NT TCP/IP NT Protocol Adapter for 32-bit Windows: Version 10.2.0.1.0 - Production
  Time: 17-НОЯ-2011 17:11:04
  Tracing not turned on.
  Tns error struct:
    ns main err code: 12535
    TNS-12535: TNS:таймаут операции
    ns secondary err code: 12560
    nt main err code: 505
    TNS-00505: Таймаут операции
    nt secondary err code: 60
    nt OS err code: 0
  Client address: <unknown>


***********************************************************************
Fatal NI connect error 12170.

  VERSION INFORMATION:
	TNS for 32-bit Windows: Version 10.2.0.1.0 - Production
	Windows NT TCP/IP NT Protocol Adapter for 32-bit Windows: Version 10.2.0.1.0 - Production
  Time: 17-НОЯ-2011 17:20:13
  Tracing not turned on.
  Tns error struct:
    ns main err code: 12535
    TNS-12535: TNS:таймаут операции
    ns secondary err code: 12560
    nt main err code: 505
    TNS-00505: Таймаут операции
    nt secondary err code: 60
    nt OS err code: 0
  Client address: <unknown>


***********************************************************************
Fatal NI connect error 12170.

  VERSION INFORMATION:
	TNS for 32-bit Windows: Version 10.2.0.1.0 - Production
	Windows NT TCP/IP NT Protocol Adapter for 32-bit Windows: Version 10.2.0.1.0 - Production
  Time: 06-ЯНВ-2012 15:34:21
  Tracing not turned on.
  Tns error struct:
    ns main err code: 12535
    TNS-12535: TNS:таймаут операции
    ns secondary err code: 12560
    nt main err code: 505
    TNS-00505: Таймаут операции
    nt secondary err code: 60
    nt OS err code: 0
  Client address: <unknown>


***********************************************************************
Fatal NI connect error 12170.

  VERSION INFORMATION:
	TNS for 32-bit Windows: Version 10.2.0.1.0 - Production
	Windows NT TCP/IP NT Protocol Adapter for 32-bit Windows: Version 10.2.0.1.0 - Production
  Time: 06-ЯНВ-2012 15:35:24
  Tracing not turned on.
  Tns error struct:
    ns main err code: 12535
    TNS-12535: TNS:таймаут операции
    ns secondary err code: 12560
    nt main err code: 505
    TNS-00505: Таймаут операции
    nt secondary err code: 60
    nt OS err code: 0
  Client address: <unknown>


***********************************************************************
Fatal NI connect error 12170.

  VERSION INFORMATION:
	TNS for 32-bit Windows: Version 10.2.0.1.0 - Production
	Windows NT TCP/IP NT Protocol Adapter for 32-bit Windows: Version 10.2.0.1.0 - Production
  Time: 06-ЯНВ-2012 15:35:46
  Tracing not turned on.
  Tns error struct:
    ns main err code: 12535
    TNS-12535: TNS:таймаут операции
    ns secondary err code: 12560
    nt main err code: 505
    TNS-00505: Таймаут операции
    nt secondary err code: 60
    nt OS err code: 0
  Client address: <unknown>


***********************************************************************
Fatal NI connect error 12516, connecting to:
 (DESCRIPTION=(ADDRESS=(PROTOCOL=TCP)(HOST=ora0-i00)(PORT=1521))(CONNECT_DATA=(SERVICE_NAME=srbank)(CID=(PROGRAM=C:\Rails\Ruby192\bin\ruby.exe)(HOST=WBCAE-C5B3-387D)(USER=spc2vbr))))

  VERSION INFORMATION:
	TNS for 32-bit Windows: Version 10.2.0.1.0 - Production
	Windows NT TCP/IP NT Protocol Adapter for 32-bit Windows: Version 10.2.0.1.0 - Production
  Time: 16-ЯНВ-2012 12:48:30
  Tracing not turned on.
  Tns error struct:
    ns main err code: 12564
    TNS-12564: TNS:соединение отвергнуто
    ns secondary err code: 0
    nt main err code: 0
    nt secondary err code: 0
    nt OS err code: 0


***********************************************************************
Fatal NI connect error 12514, connecting to:
 (DESCRIPTION=(CONNECT_DATA=(SERVICE_NAME=SRBANK)(CID=(PROGRAM=C:\Rails\Ruby192\bin\ruby.exe)(HOST=WBCAE-C5B3-387D)(USER=spc2vbr)))(ADDRESS=(PROTOCOL=TCP)(HOST=10.39.253.16)(PORT=1521)))

  VERSION INFORMATION:
	TNS for 32-bit Windows: Version 10.2.0.1.0 - Production
	Windows NT TCP/IP NT Protocol Adapter for 32-bit Windows: Version 10.2.0.1.0 - Production
  Time: 17-ЯНВ-2012 11:51:24
  Tracing not turned on.
  Tns error struct:
    ns main err code: 12564
    TNS-12564: TNS:соединение отвергнуто
    ns secondary err code: 0
    nt main err code: 0
    nt secondary err code: 0
    nt OS err code: 0


***********************************************************************
Fatal NI connect error 12514, connecting to:
 (DESCRIPTION=(CONNECT_DATA=(SERVICE_NAME=SRBANK)(CID=(PROGRAM=C:\Rails\Ruby192\bin\ruby.exe)(HOST=WBCAE-C5B3-387D)(USER=spc2vbr)))(ADDRESS=(PROTOCOL=TCP)(HOST=10.39.253.16)(PORT=1521)))

  VERSION INFORMATION:
	TNS for 32-bit Windows: Version 10.2.0.1.0 - Production
	Windows NT TCP/IP NT Protocol Adapter for 32-bit Windows: Version 10.2.0.1.0 - Production
  Time: 17-ЯНВ-2012 11:51:24
  Tracing not turned on.
  Tns error struct:
    ns main err code: 12564
    TNS-12564: TNS:соединение отвергнуто
    ns secondary err code: 0
    nt main err code: 0
    nt secondary err code: 0
    nt OS err code: 0


***********************************************************************
Fatal NI connect error 12514, connecting to:
 (DESCRIPTION=(CONNECT_DATA=(SERVICE_NAME=SRBANK)(CID=(PROGRAM=C:\Rails\Ruby192\bin\ruby.exe)(HOST=WBCAE-C5B3-387D)(USER=spc2vbr)))(ADDRESS=(PROTOCOL=TCP)(HOST=10.39.253.16)(PORT=1521)))

  VERSION INFORMATION:
	TNS for 32-bit Windows: Version 10.2.0.1.0 - Production
	Windows NT TCP/IP NT Protocol Adapter for 32-bit Windows: Version 10.2.0.1.0 - Production
  Time: 17-ЯНВ-2012 11:53:24
  Tracing not turned on.
  Tns error struct:
    ns main err code: 12564
    TNS-12564: TNS:соединение отвергнуто
    ns secondary err code: 0
    nt main err code: 0
    nt secondary err code: 0
    nt OS err code: 0


***********************************************************************
Fatal NI connect error 12514, connecting to:
 (DESCRIPTION=(CONNECT_DATA=(SERVICE_NAME=SRBANK)(CID=(PROGRAM=C:\Rails\Ruby192\bin\ruby.exe)(HOST=WBCAE-C5B3-387D)(USER=spc2vbr)))(ADDRESS=(PROTOCOL=TCP)(HOST=10.39.253.16)(PORT=1521)))

  VERSION INFORMATION:
	TNS for 32-bit Windows: Version 10.2.0.1.0 - Production
	Windows NT TCP/IP NT Protocol Adapter for 32-bit Windows: Version 10.2.0.1.0 - Production
  Time: 17-ЯНВ-2012 11:53:25
  Tracing not turned on.
  Tns error struct:
    ns main err code: 12564
    TNS-12564: TNS:соединение отвергнуто
    ns secondary err code: 0
    nt main err code: 0
    nt secondary err code: 0
    nt OS err code: 0


***********************************************************************
Fatal NI connect error 12514, connecting to:
 (DESCRIPTION=(CONNECT_DATA=(SERVICE_NAME=SRBANK)(CID=(PROGRAM=C:\Rails\Ruby192\bin\ruby.exe)(HOST=WBCAE-C5B3-387D)(USER=spc2vbr)))(ADDRESS=(PROTOCOL=TCP)(HOST=10.39.253.16)(PORT=1521)))

  VERSION INFORMATION:
	TNS for 32-bit Windows: Version 10.2.0.1.0 - Production
	Windows NT TCP/IP NT Protocol Adapter for 32-bit Windows: Version 10.2.0.1.0 - Production
  Time: 17-ЯНВ-2012 11:53:52
  Tracing not turned on.
  Tns error struct:
    ns main err code: 12564
    TNS-12564: TNS:соединение отвергнуто
    ns secondary err code: 0
    nt main err code: 0
    nt secondary err code: 0
    nt OS err code: 0


***********************************************************************
Fatal NI connect error 12514, connecting to:
 (DESCRIPTION=(CONNECT_DATA=(SERVICE_NAME=SRBANK)(CID=(PROGRAM=C:\Rails\Ruby192\bin\ruby.exe)(HOST=WBCAE-C5B3-387D)(USER=spc2vbr)))(ADDRESS=(PROTOCOL=TCP)(HOST=10.39.253.16)(PORT=1521)))

  VERSION INFORMATION:
	TNS for 32-bit Windows: Version 10.2.0.1.0 - Production
	Windows NT TCP/IP NT Protocol Adapter for 32-bit Windows: Version 10.2.0.1.0 - Production
  Time: 17-ЯНВ-2012 11:53:52
  Tracing not turned on.
  Tns error struct:
    ns main err code: 12564
    TNS-12564: TNS:соединение отвергнуто
    ns secondary err code: 0
    nt main err code: 0
    nt secondary err code: 0
    nt OS err code: 0


***********************************************************************
Fatal NI connect error 12514, connecting to:
 (DESCRIPTION=(CONNECT_DATA=(SERVICE_NAME=SRBANK)(CID=(PROGRAM=C:\Rails\Ruby192\bin\ruby.exe)(HOST=WBCAE-C5B3-387D)(USER=spc2vbr)))(ADDRESS=(PROTOCOL=TCP)(HOST=10.39.253.16)(PORT=1521)))

  VERSION INFORMATION:
	TNS for 32-bit Windows: Version 10.2.0.1.0 - Production
	Windows NT TCP/IP NT Protocol Adapter for 32-bit Windows: Version 10.2.0.1.0 - Production
  Time: 17-ЯНВ-2012 11:54:30
  Tracing not turned on.
  Tns error struct:
    ns main err code: 12564
    TNS-12564: TNS:соединение отвергнуто
    ns secondary err code: 0
    nt main err code: 0
    nt secondary err code: 0
    nt OS err code: 0


***********************************************************************
Fatal NI connect error 12514, connecting to:
 (DESCRIPTION=(CONNECT_DATA=(SERVICE_NAME=SRBANK)(CID=(PROGRAM=C:\Rails\Ruby192\bin\ruby.exe)(HOST=WBCAE-C5B3-387D)(USER=spc2vbr)))(ADDRESS=(PROTOCOL=TCP)(HOST=10.39.253.16)(PORT=1521)))

  VERSION INFORMATION:
	TNS for 32-bit Windows: Version 10.2.0.1.0 - Production
	Windows NT TCP/IP NT Protocol Adapter for 32-bit Windows: Version 10.2.0.1.0 - Production
  Time: 17-ЯНВ-2012 11:54:30
  Tracing not turned on.
  Tns error struct:
    ns main err code: 12564
    TNS-12564: TNS:соединение отвергнуто
    ns secondary err code: 0
    nt main err code: 0
    nt secondary err code: 0
    nt OS err code: 0


***********************************************************************
Fatal NI connect error 12514, connecting to:
 (DESCRIPTION=(CONNECT_DATA=(SERVICE_NAME=SRBANK)(CID=(PROGRAM=C:\Rails\Ruby192\bin\ruby.exe)(HOST=WBCAE-C5B3-387D)(USER=spc2vbr)))(ADDRESS=(PROTOCOL=TCP)(HOST=10.39.253.16)(PORT=1521)))

  VERSION INFORMATION:
	TNS for 32-bit Windows: Version 10.2.0.1.0 - Production
	Windows NT TCP/IP NT Protocol Adapter for 32-bit Windows: Version 10.2.0.1.0 - Production
  Time: 17-ЯНВ-2012 11:55:04
  Tracing not turned on.
  Tns error struct:
    ns main err code: 12564
    TNS-12564: TNS:соединение отвергнуто
    ns secondary err code: 0
    nt main err code: 0
    nt secondary err code: 0
    nt OS err code: 0


***********************************************************************
Fatal NI connect error 12514, connecting to:
 (DESCRIPTION=(CONNECT_DATA=(SERVICE_NAME=SRBANK)(CID=(PROGRAM=C:\Rails\Ruby192\bin\ruby.exe)(HOST=WBCAE-C5B3-387D)(USER=spc2vbr)))(ADDRESS=(PROTOCOL=TCP)(HOST=10.39.253.16)(PORT=1521)))

  VERSION INFORMATION:
	TNS for 32-bit Windows: Version 10.2.0.1.0 - Production
	Windows NT TCP/IP NT Protocol Adapter for 32-bit Windows: Version 10.2.0.1.0 - Production
  Time: 17-ЯНВ-2012 11:55:04
  Tracing not turned on.
  Tns error struct:
    ns main err code: 12564
    TNS-12564: TNS:соединение отвергнуто
    ns secondary err code: 0
    nt main err code: 0
    nt secondary err code: 0
    nt OS err code: 0


***********************************************************************
Fatal NI connect error 12541, connecting to:
 (DESCRIPTION=(CONNECT_DATA=(SERVICE_NAME=SRBANK)(CID=(PROGRAM=C:\Rails\Ruby192\bin\ruby.exe)(HOST=WBCAE-C5B3-387D)(USER=spc2vbr)))(ADDRESS=(PROTOCOL=TCP)(HOST=10.39.253.16)(PORT=1521)))

  VERSION INFORMATION:
	TNS for 32-bit Windows: Version 10.2.0.1.0 - Production
	Windows NT TCP/IP NT Protocol Adapter for 32-bit Windows: Version 10.2.0.1.0 - Production
  Time: 26-MAR-2012 10:41:46
  Tracing not turned on.
  Tns error struct:
    ns main err code: 12541
    TNS-12541: TNS:no listener
    ns secondary err code: 12560
    nt main err code: 511
    TNS-00511: No listener
    nt secondary err code: 61
    nt OS err code: 0


***********************************************************************
Fatal NI connect error 12541, connecting to:
 (DESCRIPTION=(CONNECT_DATA=(SERVICE_NAME=SRBANK)(CID=(PROGRAM=C:\Rails\Ruby192\bin\ruby.exe)(HOST=WBCAE-C5B3-387D)(USER=spc2vbr)))(ADDRESS=(PROTOCOL=TCP)(HOST=10.39.253.16)(PORT=1521)))

  VERSION INFORMATION:
	TNS for 32-bit Windows: Version 10.2.0.1.0 - Production
	Windows NT TCP/IP NT Protocol Adapter for 32-bit Windows: Version 10.2.0.1.0 - Production
  Time: 26-MAR-2012 10:42:28
  Tracing not turned on.
  Tns error struct:
    ns main err code: 12541
    TNS-12541: TNS:no listener
    ns secondary err code: 12560
    nt main err code: 511
    TNS-00511: No listener
    nt secondary err code: 61
    nt OS err code: 0


***********************************************************************
Fatal NI connect error 12541, connecting to:
 (DESCRIPTION=(CONNECT_DATA=(SERVICE_NAME=SRBANK)(CID=(PROGRAM=C:\Rails\Ruby192\bin\ruby.exe)(HOST=WBCAE-C5B3-387D)(USER=spc2vbr)))(ADDRESS=(PROTOCOL=TCP)(HOST=10.39.253.16)(PORT=1521)))

  VERSION INFORMATION:
	TNS for 32-bit Windows: Version 10.2.0.1.0 - Production
	Windows NT TCP/IP NT Protocol Adapter for 32-bit Windows: Version 10.2.0.1.0 - Production
  Time: 26-MAR-2012 11:10:15
  Tracing not turned on.
  Tns error struct:
    ns main err code: 12541
    TNS-12541: TNS:no listener
    ns secondary err code: 12560
    nt main err code: 511
    TNS-00511: No listener
    nt secondary err code: 61
    nt OS err code: 0


***********************************************************************
Fatal NI connect error 12541, connecting to:
 (DESCRIPTION=(CONNECT_DATA=(SERVICE_NAME=SRBANK)(CID=(PROGRAM=C:\Rails\Ruby192\bin\ruby.exe)(HOST=WBCAE-C5B3-387D)(USER=spc2vbr)))(ADDRESS=(PROTOCOL=TCP)(HOST=10.39.253.16)(PORT=1521)))

  VERSION INFORMATION:
	TNS for 32-bit Windows: Version 10.2.0.1.0 - Production
	Windows NT TCP/IP NT Protocol Adapter for 32-bit Windows: Version 10.2.0.1.0 - Production
  Time: 26-MAR-2012 11:13:54
  Tracing not turned on.
  Tns error struct:
    ns main err code: 12541
    TNS-12541: TNS:no listener
    ns secondary err code: 12560
    nt main err code: 511
    TNS-00511: No listener
    nt secondary err code: 61
    nt OS err code: 0


***********************************************************************
Fatal NI connect error 12541, connecting to:
 (DESCRIPTION=(CONNECT_DATA=(SERVICE_NAME=SRBANK)(CID=(PROGRAM=C:\Rails\Ruby192\bin\ruby.exe)(HOST=WBCAE-C5B3-387D)(USER=spc2vbr)))(ADDRESS=(PROTOCOL=TCP)(HOST=10.39.253.16)(PORT=1521)))

  VERSION INFORMATION:
	TNS for 32-bit Windows: Version 10.2.0.1.0 - Production
	Windows NT TCP/IP NT Protocol Adapter for 32-bit Windows: Version 10.2.0.1.0 - Production
  Time: 26-MAR-2012 11:16:27
  Tracing not turned on.
  Tns error struct:
    ns main err code: 12541
    TNS-12541: TNS:no listener
    ns secondary err code: 12560
    nt main err code: 511
    TNS-00511: No listener
    nt secondary err code: 61
    nt OS err code: 0


***********************************************************************
Fatal NI connect error 12514, connecting to:
 (DESCRIPTION=(CONNECT_DATA=(SERVICE_NAME=SRBANK3)(CID=(PROGRAM=C:\Rails\Ruby192\bin\ruby.exe)(HOST=WBCAE-C5B3-387D)(USER=spc2vbr)))(ADDRESS=(PROTOCOL=TCP)(HOST=10.39.253.28)(PORT=1661)))

  VERSION INFORMATION:
	TNS for 32-bit Windows: Version 10.2.0.1.0 - Production
	Windows NT TCP/IP NT Protocol Adapter for 32-bit Windows: Version 10.2.0.1.0 - Production
  Time: 26-MAR-2012 11:24:40
  Tracing not turned on.
  Tns error struct:
    ns main err code: 12564
    TNS-12564: TNS:connection refused
    ns secondary err code: 0
    nt main err code: 0
    nt secondary err code: 0
    nt OS err code: 0


***********************************************************************
Fatal NI connect error 12514, connecting to:
 (DESCRIPTION=(CONNECT_DATA=(SERVICE_NAME=SRBANK3)(CID=(PROGRAM=C:\Rails\Ruby192\bin\ruby.exe)(HOST=WBCAE-C5B3-387D)(USER=spc2vbr)))(ADDRESS=(PROTOCOL=TCP)(HOST=10.39.253.28)(PORT=1661)))

  VERSION INFORMATION:
	TNS for 32-bit Windows: Version 10.2.0.1.0 - Production
	Windows NT TCP/IP NT Protocol Adapter for 32-bit Windows: Version 10.2.0.1.0 - Production
  Time: 26-MAR-2012 11:27:43
  Tracing not turned on.
  Tns error struct:
    ns main err code: 12564
    TNS-12564: TNS:connection refused
    ns secondary err code: 0
    nt main err code: 0
    nt secondary err code: 0
    nt OS err code: 0


***********************************************************************
Fatal NI connect error 12514, connecting to:
 (DESCRIPTION=(CONNECT_DATA=(SERVICE_NAME=SRBANK3)(CID=(PROGRAM=C:\Rails\Ruby192\bin\ruby.exe)(HOST=WBCAE-C5B3-387D)(USER=spc2vbr)))(ADDRESS=(PROTOCOL=TCP)(HOST=10.39.253.28)(PORT=1661)))

  VERSION INFORMATION:
	TNS for 32-bit Windows: Version 10.2.0.1.0 - Production
	Windows NT TCP/IP NT Protocol Adapter for 32-bit Windows: Version 10.2.0.1.0 - Production
  Time: 26-MAR-2012 11:27:44
  Tracing not turned on.
  Tns error struct:
    ns main err code: 12564
    TNS-12564: TNS:connection refused
    ns secondary err code: 0
    nt main err code: 0
    nt secondary err code: 0
    nt OS err code: 0
